[02-Jan-2020 15:31:08 UTC] PHP Parse error:  syntax error, unexpected 'year_shortcode' (T_STRING) in C:\xampp\htdocs\Daxn\wp-content\themes\DevelAxn-theme\functions.php on line 53
[02-Jan-2020 15:35:12 UTC] PHP Parse error:  syntax error, unexpected 'year_shortcode' (T_STRING) in C:\xampp\htdocs\Daxn\wp-content\themes\DevelAxn-theme\functions.php on line 53
[02-Jan-2020 15:35:15 UTC] PHP Parse error:  syntax error, unexpected 'year_shortcode' (T_STRING) in C:\xampp\htdocs\Daxn\wp-content\themes\DevelAxn-theme\functions.php on line 53
[02-Jan-2020 15:36:48 UTC] PHP Parse error:  syntax error, unexpected 'year_shortcode' (T_STRING) in C:\xampp\htdocs\Daxn\wp-content\themes\DevelAxn-theme\functions.php on line 53
[02-Jan-2020 15:36:49 UTC] PHP Parse error:  syntax error, unexpected 'year_shortcode' (T_STRING) in C:\xampp\htdocs\Daxn\wp-content\themes\DevelAxn-theme\functions.php on line 53
[02-Jan-2020 15:37:18 UTC] PHP Parse error:  syntax error, unexpected 'año' (T_STRING), expecting variable (T_VARIABLE) or '{' or '$' in C:\xampp\htdocs\Daxn\wp-content\themes\DevelAxn-theme\functions.php on line 54
[02-Jan-2020 15:37:37 UTC] PHP Parse error:  syntax error, unexpected 'year' (T_STRING), expecting variable (T_VARIABLE) or '{' or '$' in C:\xampp\htdocs\Daxn\wp-content\themes\DevelAxn-theme\functions.php on line 54
[02-Jan-2020 15:37:58 UTC] PHP Warning:  Use of undefined constant ‘year’ - assumed '‘year’' (this will throw an Error in a future version of PHP) in C:\xampp\htdocs\Daxn\wp-content\themes\DevelAxn-theme\functions.php on line 57
[02-Jan-2020 15:37:58 UTC] PHP Warning:  Use of undefined constant ‘year_shortcode’ - assumed '‘year_shortcode’' (this will throw an Error in a future version of PHP) in C:\xampp\htdocs\Daxn\wp-content\themes\DevelAxn-theme\functions.php on line 57
[02-Jan-2020 15:39:05 UTC] PHP Warning:  Use of undefined constant ‘year’ - assumed '‘year’' (this will throw an Error in a future version of PHP) in C:\xampp\htdocs\Daxn\wp-content\themes\DevelAxn-theme\functions.php on line 57
[02-Jan-2020 15:39:05 UTC] PHP Warning:  Use of undefined constant ‘year_shortcode’ - assumed '‘year_shortcode’' (this will throw an Error in a future version of PHP) in C:\xampp\htdocs\Daxn\wp-content\themes\DevelAxn-theme\functions.php on line 57
[03-Jan-2020 13:49:39 UTC] PHP Fatal error:  Uncaught Error: Call to undefined function the_excerp() in C:\xampp\htdocs\Daxn\wp-content\themes\DevelAxn-theme\page-clientes.php:23
Stack trace:
#0 C:\xampp\htdocs\Daxn\wp-includes\template-loader.php(98): include()
#1 C:\xampp\htdocs\Daxn\wp-blog-header.php(19): require_once('C:\\xampp\\htdocs...')
#2 C:\xampp\htdocs\Daxn\index.php(17): require('C:\\xampp\\htdocs...')
#3 {main}
  thrown in C:\xampp\htdocs\Daxn\wp-content\themes\DevelAxn-theme\page-clientes.php on line 23
[03-Jan-2020 14:59:11 UTC] PHP Fatal error:  Uncaught Error: Call to undefined function get_field() in C:\xampp\htdocs\Daxn\wp-content\themes\DevelAxn-theme\page-clientes.php:23
Stack trace:
#0 C:\xampp\htdocs\Daxn\wp-includes\template-loader.php(98): include()
#1 C:\xampp\htdocs\Daxn\wp-blog-header.php(19): require_once('C:\\xampp\\htdocs...')
#2 C:\xampp\htdocs\Daxn\index.php(17): require('C:\\xampp\\htdocs...')
#3 {main}
  thrown in C:\xampp\htdocs\Daxn\wp-content\themes\DevelAxn-theme\page-clientes.php on line 23
[03-Jan-2020 14:59:36 UTC] PHP Fatal error:  Uncaught Error: Call to undefined function the_field() in C:\xampp\htdocs\Daxn\wp-content\themes\DevelAxn-theme\page-clientes.php:23
Stack trace:
#0 C:\xampp\htdocs\Daxn\wp-includes\template-loader.php(98): include()
#1 C:\xampp\htdocs\Daxn\wp-blog-header.php(19): require_once('C:\\xampp\\htdocs...')
#2 C:\xampp\htdocs\Daxn\index.php(17): require('C:\\xampp\\htdocs...')
#3 {main}
  thrown in C:\xampp\htdocs\Daxn\wp-content\themes\DevelAxn-theme\page-clientes.php on line 23
[03-Jan-2020 14:59:38 UTC] PHP Fatal error:  Uncaught Error: Call to undefined function the_field() in C:\xampp\htdocs\Daxn\wp-content\themes\DevelAxn-theme\page-clientes.php:23
Stack trace:
#0 C:\xampp\htdocs\Daxn\wp-includes\template-loader.php(98): include()
#1 C:\xampp\htdocs\Daxn\wp-blog-header.php(19): require_once('C:\\xampp\\htdocs...')
#2 C:\xampp\htdocs\Daxn\index.php(17): require('C:\\xampp\\htdocs...')
#3 {main}
  thrown in C:\xampp\htdocs\Daxn\wp-content\themes\DevelAxn-theme\page-clientes.php on line 23
[03-Jan-2020 15:00:38 UTC] PHP Fatal error:  Uncaught Error: Call to undefined function the_field() in C:\xampp\htdocs\Daxn\wp-content\themes\DevelAxn-theme\page-clientes.php:23
Stack trace:
#0 C:\xampp\htdocs\Daxn\wp-includes\template-loader.php(98): include()
#1 C:\xampp\htdocs\Daxn\wp-blog-header.php(19): require_once('C:\\xampp\\htdocs...')
#2 C:\xampp\htdocs\Daxn\index.php(17): require('C:\\xampp\\htdocs...')
#3 {main}
  thrown in C:\xampp\htdocs\Daxn\wp-content\themes\DevelAxn-theme\page-clientes.php on line 23
[03-Jan-2020 15:00:40 UTC] PHP Fatal error:  Uncaught Error: Call to undefined function the_field() in C:\xampp\htdocs\Daxn\wp-content\themes\DevelAxn-theme\page-clientes.php:23
Stack trace:
#0 C:\xampp\htdocs\Daxn\wp-includes\template-loader.php(98): include()
#1 C:\xampp\htdocs\Daxn\wp-blog-header.php(19): require_once('C:\\xampp\\htdocs...')
#2 C:\xampp\htdocs\Daxn\index.php(17): require('C:\\xampp\\htdocs...')
#3 {main}
  thrown in C:\xampp\htdocs\Daxn\wp-content\themes\DevelAxn-theme\page-clientes.php on line 23
[03-Jan-2020 15:11:11 UTC] PHP Parse error:  syntax error, unexpected '}', expecting end of file in C:\xampp\htdocs\Daxn\wp-content\themes\DevelAxn-theme\page-clientes.php on line 30
[03-Jan-2020 15:15:15 UTC] PHP Parse error:  syntax error, unexpected '}', expecting end of file in C:\xampp\htdocs\Daxn\wp-content\themes\DevelAxn-theme\page-clientes.php on line 37
[03-Jan-2020 15:15:17 UTC] PHP Parse error:  syntax error, unexpected '}', expecting end of file in C:\xampp\htdocs\Daxn\wp-content\themes\DevelAxn-theme\page-clientes.php on line 37
[03-Jan-2020 20:49:19 UTC] PHP Notice:  Undefined offset: 1 in C:\xampp\htdocs\Daxn\wp-includes\class-wp-query.php on line 3252
[04-Jan-2020 09:21:58 UTC] PHP Parse error:  syntax error, unexpected 'flip' (T_STRING), expecting ')' in C:\xampp\htdocs\Daxn\wp-content\themes\DevelAxn-theme\page-inicio.php on line 129
[04-Jan-2020 10:13:41 UTC] PHP Parse error:  syntax error, unexpected '<', expecting end of file in C:\xampp\htdocs\Daxn\wp-content\themes\DevelAxn-theme\_includes\pie-blog.php on line 3
[04-Jan-2020 10:14:45 UTC] PHP Parse error:  syntax error, unexpected '<', expecting end of file in C:\xampp\htdocs\Daxn\wp-content\themes\DevelAxn-theme\_includes\pie-blog.php on line 3
[04-Jan-2020 10:20:09 UTC] PHP Parse error:  syntax error, unexpected '<', expecting end of file in C:\xampp\htdocs\Daxn\wp-content\themes\DevelAxn-theme\_includes\pie-blog.php on line 2
[04-Jan-2020 10:20:27 UTC] PHP Parse error:  syntax error, unexpected 'ipsum' (T_STRING) in C:\xampp\htdocs\Daxn\wp-content\themes\DevelAxn-theme\_includes\pie-blog.php on line 2
[04-Jan-2020 10:20:42 UTC] PHP Parse error:  syntax error, unexpected '<', expecting end of file in C:\xampp\htdocs\Daxn\wp-content\themes\DevelAxn-theme\_includes\pie-blog.php on line 2
[04-Jan-2020 10:21:05 UTC] PHP Parse error:  syntax error, unexpected '<', expecting end of file in C:\xampp\htdocs\Daxn\wp-content\themes\DevelAxn-theme\_includes\pie-blog.php on line 2
[05-Jan-2020 21:22:51 UTC] PHP Parse error:  syntax error, unexpected '<', expecting end of file in C:\xampp\htdocs\Daxn\wp-content\themes\DevelAxn-theme\_includes\contact-section.php on line 3
[05-Jan-2020 21:22:51 UTC] PHP Notice:  Undefined offset: 0 in C:\xampp\htdocs\Daxn\wp-includes\class-wp-query.php on line 3252
[05-Jan-2020 21:22:52 UTC] PHP Notice:  Undefined offset: 0 in C:\xampp\htdocs\Daxn\wp-includes\class-wp-query.php on line 3252
[05-Jan-2020 21:23:52 UTC] PHP Parse error:  syntax error, unexpected '<', expecting end of file in C:\xampp\htdocs\Daxn\wp-content\themes\DevelAxn-theme\_includes\contact-section.php on line 3
[06-Jan-2020 02:24:35 UTC] PHP Notice:  Undefined offset: 0 in C:\xampp\htdocs\Daxn\wp-includes\class-wp-query.php on line 3252
[06-Jan-2020 02:24:36 UTC] PHP Notice:  Undefined offset: 0 in C:\xampp\htdocs\Daxn\wp-includes\class-wp-query.php on line 3252
[06-Jan-2020 02:35:53 UTC] PHP Notice:  Undefined offset: 0 in C:\xampp\htdocs\Daxn\wp-includes\class-wp-query.php on line 3252
[06-Jan-2020 13:11:58 UTC] PHP Notice:  Undefined offset: 0 in C:\xampp\htdocs\Daxn\wp-includes\class-wp-query.php on line 3252
[06-Jan-2020 13:37:26 UTC] PHP Notice:  Undefined offset: 0 in C:\xampp\htdocs\Daxn\wp-includes\class-wp-query.php on line 3252
[06-Jan-2020 13:37:27 UTC] PHP Notice:  Undefined offset: 0 in C:\xampp\htdocs\Daxn\wp-includes\class-wp-query.php on line 3252
[06-Jan-2020 14:04:33 UTC] PHP Parse error:  syntax error, unexpected 'id' (T_STRING), expecting ']' in C:\xampp\htdocs\Daxn\wp-content\themes\DevelAxn-theme\_includes\contact-section.php on line 7
[06-Jan-2020 14:04:59 UTC] PHP Parse error:  syntax error, unexpected 'id' (T_STRING), expecting ']' in C:\xampp\htdocs\Daxn\wp-content\themes\DevelAxn-theme\_includes\contact-section.php on line 7
[06-Jan-2020 14:05:02 UTC] PHP Parse error:  syntax error, unexpected 'id' (T_STRING), expecting ']' in C:\xampp\htdocs\Daxn\wp-content\themes\DevelAxn-theme\_includes\contact-section.php on line 7
[06-Jan-2020 14:59:39 UTC] PHP Notice:  Undefined offset: 0 in C:\xampp\htdocs\Daxn\wp-includes\class-wp-query.php on line 3252
[06-Jan-2020 15:44:22 UTC] PHP Notice:  Undefined offset: 0 in C:\xampp\htdocs\Daxn\wp-includes\class-wp-query.php on line 3252
[06-Jan-2020 15:44:22 UTC] PHP Notice:  Undefined offset: 0 in C:\xampp\htdocs\Daxn\wp-includes\class-wp-query.php on line 3252
[06-Jan-2020 15:44:32 UTC] PHP Notice:  Undefined offset: 0 in C:\xampp\htdocs\Daxn\wp-includes\class-wp-query.php on line 3252
[06-Jan-2020 15:53:13 UTC] PHP Notice:  Undefined offset: 0 in C:\xampp\htdocs\Daxn\wp-includes\class-wp-query.php on line 3252
[06-Jan-2020 15:53:14 UTC] PHP Notice:  Undefined offset: 0 in C:\xampp\htdocs\Daxn\wp-includes\class-wp-query.php on line 3252
[06-Jan-2020 18:29:01 UTC] PHP Notice:  Undefined offset: 0 in C:\xampp\htdocs\Daxn\wp-includes\class-wp-query.php on line 3252
[06-Jan-2020 18:29:01 UTC] PHP Notice:  Undefined offset: 0 in C:\xampp\htdocs\Daxn\wp-includes\class-wp-query.php on line 3252
[06-Jan-2020 18:34:45 UTC] PHP Notice:  Undefined offset: 0 in C:\xampp\htdocs\Daxn\wp-includes\class-wp-query.php on line 3252
[06-Jan-2020 18:35:37 UTC] PHP Notice:  Undefined offset: 0 in C:\xampp\htdocs\Daxn\wp-includes\class-wp-query.php on line 3252
[06-Jan-2020 18:35:38 UTC] PHP Notice:  Undefined offset: 0 in C:\xampp\htdocs\Daxn\wp-includes\class-wp-query.php on line 3252
[06-Jan-2020 18:35:38 UTC] PHP Notice:  Undefined offset: 0 in C:\xampp\htdocs\Daxn\wp-includes\class-wp-query.php on line 3252
[06-Jan-2020 18:35:40 UTC] PHP Notice:  Undefined offset: 0 in C:\xampp\htdocs\Daxn\wp-includes\class-wp-query.php on line 3252
[06-Jan-2020 18:35:43 UTC] PHP Notice:  Undefined offset: 0 in C:\xampp\htdocs\Daxn\wp-includes\class-wp-query.php on line 3252
[06-Jan-2020 18:35:44 UTC] PHP Notice:  Undefined offset: 0 in C:\xampp\htdocs\Daxn\wp-includes\class-wp-query.php on line 3252
[06-Jan-2020 18:37:49 UTC] PHP Notice:  Undefined offset: 0 in C:\xampp\htdocs\Daxn\wp-includes\class-wp-query.php on line 3252
[06-Jan-2020 18:38:37 UTC] PHP Notice:  Undefined offset: 0 in C:\xampp\htdocs\Daxn\wp-includes\class-wp-query.php on line 3252
[06-Jan-2020 18:38:39 UTC] PHP Notice:  Undefined offset: 0 in C:\xampp\htdocs\Daxn\wp-includes\class-wp-query.php on line 3252
[06-Jan-2020 18:38:40 UTC] PHP Notice:  Undefined offset: 0 in C:\xampp\htdocs\Daxn\wp-includes\class-wp-query.php on line 3252
[06-Jan-2020 18:38:42 UTC] PHP Notice:  Undefined offset: 0 in C:\xampp\htdocs\Daxn\wp-includes\class-wp-query.php on line 3252
[06-Jan-2020 19:06:10 UTC] PHP Notice:  Undefined offset: 0 in C:\xampp\htdocs\Daxn\wp-includes\class-wp-query.php on line 3252
[06-Jan-2020 19:07:06 UTC] PHP Notice:  Undefined offset: 0 in C:\xampp\htdocs\Daxn\wp-includes\class-wp-query.php on line 3252
[06-Jan-2020 20:11:29 UTC] PHP Notice:  Undefined offset: 0 in C:\xampp\htdocs\Daxn\wp-includes\class-wp-query.php on line 3252
[06-Jan-2020 20:11:33 UTC] PHP Notice:  Undefined offset: 0 in C:\xampp\htdocs\Daxn\wp-includes\class-wp-query.php on line 3252
[06-Jan-2020 20:12:06 UTC] PHP Notice:  Undefined offset: 0 in C:\xampp\htdocs\Daxn\wp-includes\class-wp-query.php on line 3252
[06-Jan-2020 20:12:15 UTC] PHP Notice:  Undefined offset: 0 in C:\xampp\htdocs\Daxn\wp-includes\class-wp-query.php on line 3252
[06-Jan-2020 20:12:17 UTC] PHP Notice:  Undefined offset: 0 in C:\xampp\htdocs\Daxn\wp-includes\class-wp-query.php on line 3252
[06-Jan-2020 20:17:44 UTC] PHP Notice:  Undefined offset: 0 in C:\xampp\htdocs\Daxn\wp-includes\class-wp-query.php on line 3252
[06-Jan-2020 20:20:54 UTC] PHP Notice:  Undefined offset: 0 in C:\xampp\htdocs\Daxn\wp-includes\class-wp-query.php on line 3252
[06-Jan-2020 20:21:07 UTC] PHP Notice:  Undefined offset: 0 in C:\xampp\htdocs\Daxn\wp-includes\class-wp-query.php on line 3252
[06-Jan-2020 20:21:39 UTC] PHP Notice:  Undefined offset: 0 in C:\xampp\htdocs\Daxn\wp-includes\class-wp-query.php on line 3252
[06-Jan-2020 20:21:40 UTC] PHP Notice:  Undefined offset: 0 in C:\xampp\htdocs\Daxn\wp-includes\class-wp-query.php on line 3252
[06-Jan-2020 21:51:42 UTC] PHP Notice:  Undefined offset: 0 in C:\xampp\htdocs\Daxn\wp-includes\class-wp-query.php on line 3252
[06-Jan-2020 21:51:42 UTC] PHP Notice:  Undefined offset: 0 in C:\xampp\htdocs\Daxn\wp-includes\class-wp-query.php on line 3252
[06-Jan-2020 21:53:08 UTC] PHP Notice:  Undefined offset: 0 in C:\xampp\htdocs\Daxn\wp-includes\class-wp-query.php on line 3252
[06-Jan-2020 21:54:00 UTC] PHP Notice:  Undefined offset: 0 in C:\xampp\htdocs\Daxn\wp-includes\class-wp-query.php on line 3252
[06-Jan-2020 21:54:20 UTC] PHP Notice:  Undefined offset: 0 in C:\xampp\htdocs\Daxn\wp-includes\class-wp-query.php on line 3252
[06-Jan-2020 21:58:24 UTC] PHP Notice:  Undefined offset: 0 in C:\xampp\htdocs\Daxn\wp-includes\class-wp-query.php on line 3252
[06-Jan-2020 21:58:52 UTC] PHP Notice:  Undefined offset: 0 in C:\xampp\htdocs\Daxn\wp-includes\class-wp-query.php on line 3252
[06-Jan-2020 21:58:53 UTC] PHP Notice:  Undefined offset: 0 in C:\xampp\htdocs\Daxn\wp-includes\class-wp-query.php on line 3252
[06-Jan-2020 21:58:55 UTC] PHP Notice:  Undefined offset: 0 in C:\xampp\htdocs\Daxn\wp-includes\class-wp-query.php on line 3252
[06-Jan-2020 21:59:48 UTC] PHP Notice:  Undefined offset: 0 in C:\xampp\htdocs\Daxn\wp-includes\class-wp-query.php on line 3252
[06-Jan-2020 22:08:45 UTC] PHP Notice:  Undefined offset: 0 in C:\xampp\htdocs\Daxn\wp-includes\class-wp-query.php on line 3252
[06-Jan-2020 22:08:45 UTC] PHP Notice:  Undefined offset: 0 in C:\xampp\htdocs\Daxn\wp-includes\class-wp-query.php on line 3252
[07-Jan-2020 15:04:29 UTC] PHP Notice:  Undefined offset: 0 in C:\xampp\htdocs\Daxn\wp-includes\class-wp-query.php on line 3252
[07-Jan-2020 15:04:29 UTC] PHP Notice:  Undefined offset: 0 in C:\xampp\htdocs\Daxn\wp-includes\class-wp-query.php on line 3252
[08-Jan-2020 02:49:32 UTC] PHP Notice:  Undefined offset: 0 in C:\xampp\htdocs\Daxn\wp-includes\class-wp-query.php on line 3252
[08-Jan-2020 02:49:32 UTC] PHP Notice:  Undefined offset: 0 in C:\xampp\htdocs\Daxn\wp-includes\class-wp-query.php on line 3252
[08-Jan-2020 02:49:40 UTC] PHP Warning:  Ocurrió un error inesperado. Algo debe estar mal con WordPress.org o la configuración de este servidor. Si continúas con problemas, por favor visita los <a href="https://wordpress.org/support/forums/">foros de soporte</a>. (WordPress no pudo establecer una conexión segura a WordPress.org. Por favor contacta al administrador de tu servidor.) in C:\xampp\htdocs\Daxn\wp-includes\update.php on line 162
[08-Jan-2020 18:52:24 UTC] PHP Notice:  Undefined offset: 0 in C:\xampp\htdocs\Daxn\wp-includes\class-wp-query.php on line 3252
[08-Jan-2020 18:52:24 UTC] PHP Notice:  Undefined offset: 0 in C:\xampp\htdocs\Daxn\wp-includes\class-wp-query.php on line 3252
[08-Jan-2020 18:52:30 UTC] PHP Notice:  Undefined offset: 0 in C:\xampp\htdocs\Daxn\wp-includes\class-wp-query.php on line 3252
[08-Jan-2020 18:55:31 UTC] PHP Notice:  Undefined offset: 0 in C:\xampp\htdocs\Daxn\wp-includes\class-wp-query.php on line 3252
[08-Jan-2020 18:55:43 UTC] PHP Notice:  Undefined offset: 0 in C:\xampp\htdocs\Daxn\wp-includes\class-wp-query.php on line 3252
[08-Jan-2020 18:56:41 UTC] PHP Notice:  Undefined offset: 0 in C:\xampp\htdocs\Daxn\wp-includes\class-wp-query.php on line 3252
[08-Jan-2020 21:53:07 UTC] PHP Notice:  Undefined offset: 0 in C:\xampp\htdocs\Daxn\wp-includes\class-wp-query.php on line 3252
[08-Jan-2020 21:53:07 UTC] PHP Notice:  Undefined offset: 0 in C:\xampp\htdocs\Daxn\wp-includes\class-wp-query.php on line 3252
[08-Jan-2020 21:53:25 UTC] PHP Notice:  Undefined offset: 0 in C:\xampp\htdocs\Daxn\wp-includes\class-wp-query.php on line 3252
[08-Jan-2020 21:57:30 UTC] PHP Notice:  Undefined offset: 0 in C:\xampp\htdocs\Daxn\wp-includes\class-wp-query.php on line 3252
[08-Jan-2020 21:57:34 UTC] PHP Notice:  Undefined offset: 0 in C:\xampp\htdocs\Daxn\wp-includes\class-wp-query.php on line 3252
[08-Jan-2020 21:57:55 UTC] PHP Notice:  Undefined offset: 0 in C:\xampp\htdocs\Daxn\wp-includes\class-wp-query.php on line 3252
[08-Jan-2020 21:58:10 UTC] PHP Notice:  Undefined offset: 0 in C:\xampp\htdocs\Daxn\wp-includes\class-wp-query.php on line 3252
[08-Jan-2020 21:58:21 UTC] PHP Notice:  Undefined offset: 0 in C:\xampp\htdocs\Daxn\wp-includes\class-wp-query.php on line 3252
[08-Jan-2020 22:00:28 UTC] PHP Notice:  Undefined offset: 0 in C:\xampp\htdocs\Daxn\wp-includes\class-wp-query.php on line 3252
[08-Jan-2020 22:00:32 UTC] PHP Notice:  Undefined offset: 0 in C:\xampp\htdocs\Daxn\wp-includes\class-wp-query.php on line 3252
[08-Jan-2020 22:01:29 UTC] PHP Notice:  Undefined offset: 0 in C:\xampp\htdocs\Daxn\wp-includes\class-wp-query.php on line 3252
[08-Jan-2020 22:01:46 UTC] PHP Notice:  Undefined offset: 0 in C:\xampp\htdocs\Daxn\wp-includes\class-wp-query.php on line 3252
[08-Jan-2020 22:14:52 UTC] PHP Notice:  Undefined offset: 0 in C:\xampp\htdocs\Daxn\wp-includes\class-wp-query.php on line 3252
[08-Jan-2020 22:14:57 UTC] PHP Notice:  Undefined offset: 0 in C:\xampp\htdocs\Daxn\wp-includes\class-wp-query.php on line 3252
[08-Jan-2020 22:16:27 UTC] PHP Notice:  Undefined offset: 0 in C:\xampp\htdocs\Daxn\wp-includes\class-wp-query.php on line 3252
[08-Jan-2020 22:16:32 UTC] PHP Notice:  Undefined offset: 0 in C:\xampp\htdocs\Daxn\wp-includes\class-wp-query.php on line 3252
[08-Jan-2020 22:21:11 UTC] PHP Notice:  Undefined offset: 0 in C:\xampp\htdocs\Daxn\wp-includes\class-wp-query.php on line 3252
[08-Jan-2020 22:21:33 UTC] PHP Notice:  Undefined offset: 0 in C:\xampp\htdocs\Daxn\wp-includes\class-wp-query.php on line 3252
[08-Jan-2020 22:23:17 UTC] PHP Notice:  Undefined offset: 0 in C:\xampp\htdocs\Daxn\wp-includes\class-wp-query.php on line 3252
[08-Jan-2020 22:23:31 UTC] PHP Notice:  Undefined offset: 0 in C:\xampp\htdocs\Daxn\wp-includes\class-wp-query.php on line 3252
[08-Jan-2020 22:24:01 UTC] PHP Notice:  Undefined offset: 0 in C:\xampp\htdocs\Daxn\wp-includes\class-wp-query.php on line 3252
[08-Jan-2020 22:25:16 UTC] PHP Notice:  Undefined offset: 0 in C:\xampp\htdocs\Daxn\wp-includes\class-wp-query.php on line 3252
[08-Jan-2020 22:26:03 UTC] PHP Notice:  Undefined offset: 0 in C:\xampp\htdocs\Daxn\wp-includes\class-wp-query.php on line 3252
[08-Jan-2020 22:29:05 UTC] PHP Notice:  Undefined offset: 0 in C:\xampp\htdocs\Daxn\wp-includes\class-wp-query.php on line 3252
[08-Jan-2020 22:31:17 UTC] PHP Notice:  Undefined offset: 0 in C:\xampp\htdocs\Daxn\wp-includes\class-wp-query.php on line 3252
[08-Jan-2020 22:31:39 UTC] PHP Notice:  Undefined offset: 0 in C:\xampp\htdocs\Daxn\wp-includes\class-wp-query.php on line 3252
[08-Jan-2020 22:33:48 UTC] PHP Notice:  Undefined offset: 0 in C:\xampp\htdocs\Daxn\wp-includes\class-wp-query.php on line 3252
[08-Jan-2020 22:33:48 UTC] PHP Notice:  Undefined offset: 0 in C:\xampp\htdocs\Daxn\wp-includes\class-wp-query.php on line 3252
[08-Jan-2020 22:33:53 UTC] PHP Notice:  Undefined offset: 0 in C:\xampp\htdocs\Daxn\wp-includes\class-wp-query.php on line 3252
[08-Jan-2020 22:34:42 UTC] PHP Notice:  Undefined offset: 0 in C:\xampp\htdocs\Daxn\wp-includes\class-wp-query.php on line 3252
[08-Jan-2020 22:37:26 UTC] PHP Notice:  Undefined offset: 0 in C:\xampp\htdocs\Daxn\wp-includes\class-wp-query.php on line 3252
[08-Jan-2020 22:37:26 UTC] PHP Notice:  Undefined offset: 0 in C:\xampp\htdocs\Daxn\wp-includes\class-wp-query.php on line 3252
[08-Jan-2020 22:37:31 UTC] PHP Notice:  Undefined offset: 0 in C:\xampp\htdocs\Daxn\wp-includes\class-wp-query.php on line 3252
[08-Jan-2020 22:58:35 UTC] PHP Notice:  Undefined offset: 0 in C:\xampp\htdocs\Daxn\wp-includes\class-wp-query.php on line 3252
[08-Jan-2020 22:58:36 UTC] PHP Notice:  Undefined offset: 0 in C:\xampp\htdocs\Daxn\wp-includes\class-wp-query.php on line 3252
[08-Jan-2020 22:58:39 UTC] PHP Notice:  Undefined offset: 0 in C:\xampp\htdocs\Daxn\wp-includes\class-wp-query.php on line 3252
[08-Jan-2020 22:59:37 UTC] PHP Notice:  Undefined offset: 0 in C:\xampp\htdocs\Daxn\wp-includes\class-wp-query.php on line 3252
[08-Jan-2020 22:59:37 UTC] PHP Notice:  Undefined offset: 0 in C:\xampp\htdocs\Daxn\wp-includes\class-wp-query.php on line 3252
[08-Jan-2020 22:59:37 UTC] PHP Notice:  Undefined offset: 0 in C:\xampp\htdocs\Daxn\wp-includes\class-wp-query.php on line 3252
[08-Jan-2020 22:59:44 UTC] PHP Notice:  Undefined offset: 0 in C:\xampp\htdocs\Daxn\wp-includes\class-wp-query.php on line 3252
[08-Jan-2020 22:59:49 UTC] PHP Notice:  Undefined offset: 0 in C:\xampp\htdocs\Daxn\wp-includes\class-wp-query.php on line 3252
[08-Jan-2020 22:59:52 UTC] PHP Notice:  Undefined offset: 0 in C:\xampp\htdocs\Daxn\wp-includes\class-wp-query.php on line 3252
[08-Jan-2020 22:59:55 UTC] PHP Notice:  Undefined offset: 0 in C:\xampp\htdocs\Daxn\wp-includes\class-wp-query.php on line 3252
[08-Jan-2020 22:59:55 UTC] PHP Notice:  Undefined offset: 0 in C:\xampp\htdocs\Daxn\wp-includes\class-wp-query.php on line 3252
[08-Jan-2020 22:59:56 UTC] PHP Notice:  Undefined offset: 0 in C:\xampp\htdocs\Daxn\wp-includes\class-wp-query.php on line 3252
[08-Jan-2020 23:00:02 UTC] PHP Notice:  Undefined offset: 0 in C:\xampp\htdocs\Daxn\wp-includes\class-wp-query.php on line 3252
[08-Jan-2020 23:00:03 UTC] PHP Notice:  Undefined offset: 0 in C:\xampp\htdocs\Daxn\wp-includes\class-wp-query.php on line 3252
[08-Jan-2020 23:00:05 UTC] PHP Notice:  Undefined offset: 0 in C:\xampp\htdocs\Daxn\wp-includes\class-wp-query.php on line 3252
[08-Jan-2020 23:00:05 UTC] PHP Notice:  Undefined offset: 0 in C:\xampp\htdocs\Daxn\wp-includes\class-wp-query.php on line 3252
[08-Jan-2020 23:00:05 UTC] PHP Notice:  Undefined offset: 0 in C:\xampp\htdocs\Daxn\wp-includes\class-wp-query.php on line 3252
[08-Jan-2020 23:00:06 UTC] PHP Notice:  Undefined offset: 0 in C:\xampp\htdocs\Daxn\wp-includes\class-wp-query.php on line 3252
[08-Jan-2020 23:00:12 UTC] PHP Notice:  Undefined offset: 0 in C:\xampp\htdocs\Daxn\wp-includes\class-wp-query.php on line 3252
[08-Jan-2020 23:00:13 UTC] PHP Notice:  Undefined offset: 0 in C:\xampp\htdocs\Daxn\wp-includes\class-wp-query.php on line 3252
[08-Jan-2020 23:00:13 UTC] PHP Notice:  Undefined offset: 0 in C:\xampp\htdocs\Daxn\wp-includes\class-wp-query.php on line 3252
[08-Jan-2020 23:00:13 UTC] PHP Notice:  Undefined offset: 0 in C:\xampp\htdocs\Daxn\wp-includes\class-wp-query.php on line 3252
[08-Jan-2020 23:00:13 UTC] PHP Notice:  Undefined offset: 0 in C:\xampp\htdocs\Daxn\wp-includes\class-wp-query.php on line 3252
[08-Jan-2020 23:00:14 UTC] PHP Notice:  Undefined offset: 0 in C:\xampp\htdocs\Daxn\wp-includes\class-wp-query.php on line 3252
[08-Jan-2020 23:00:16 UTC] PHP Notice:  Undefined offset: 0 in C:\xampp\htdocs\Daxn\wp-includes\class-wp-query.php on line 3252
[08-Jan-2020 23:00:19 UTC] PHP Notice:  Undefined offset: 0 in C:\xampp\htdocs\Daxn\wp-includes\class-wp-query.php on line 3252
[08-Jan-2020 23:00:20 UTC] PHP Notice:  Undefined offset: 0 in C:\xampp\htdocs\Daxn\wp-includes\class-wp-query.php on line 3252
[08-Jan-2020 23:00:23 UTC] PHP Notice:  Undefined offset: 0 in C:\xampp\htdocs\Daxn\wp-includes\class-wp-query.php on line 3252
[08-Jan-2020 23:00:24 UTC] PHP Notice:  Undefined offset: 0 in C:\xampp\htdocs\Daxn\wp-includes\class-wp-query.php on line 3252
[08-Jan-2020 23:08:05 UTC] PHP Notice:  Undefined offset: 0 in C:\xampp\htdocs\Daxn\wp-includes\class-wp-query.php on line 3252
[08-Jan-2020 23:22:09 UTC] PHP Notice:  Undefined offset: 0 in C:\xampp\htdocs\Daxn\wp-includes\class-wp-query.php on line 3252
[08-Jan-2020 23:22:10 UTC] PHP Notice:  Undefined offset: 0 in C:\xampp\htdocs\Daxn\wp-includes\class-wp-query.php on line 3252
[08-Jan-2020 23:22:49 UTC] PHP Notice:  Undefined offset: 0 in C:\xampp\htdocs\Daxn\wp-includes\class-wp-query.php on line 3252
[08-Jan-2020 23:22:49 UTC] PHP Notice:  Undefined offset: 0 in C:\xampp\htdocs\Daxn\wp-includes\class-wp-query.php on line 3252
[08-Jan-2020 23:50:04 UTC] PHP Notice:  Undefined offset: 0 in C:\xampp\htdocs\Daxn\wp-includes\class-wp-query.php on line 3252
[08-Jan-2020 23:50:04 UTC] PHP Notice:  Undefined offset: 0 in C:\xampp\htdocs\Daxn\wp-includes\class-wp-query.php on line 3252
[09-Jan-2020 00:25:30 UTC] PHP Notice:  Undefined offset: 0 in C:\xampp\htdocs\Daxn\wp-includes\class-wp-query.php on line 3252
[09-Jan-2020 00:25:30 UTC] PHP Notice:  Undefined offset: 0 in C:\xampp\htdocs\Daxn\wp-includes\class-wp-query.php on line 3252
[09-Jan-2020 11:56:15 UTC] PHP Notice:  Undefined offset: 0 in C:\xampp\htdocs\Daxn\wp-includes\class-wp-query.php on line 3252
[09-Jan-2020 11:56:15 UTC] PHP Notice:  Undefined offset: 0 in C:\xampp\htdocs\Daxn\wp-includes\class-wp-query.php on line 3252
[09-Jan-2020 12:12:45 UTC] PHP Notice:  Undefined offset: 0 in C:\xampp\htdocs\Daxn\wp-includes\class-wp-query.php on line 3252
[09-Jan-2020 12:13:41 UTC] PHP Notice:  Undefined offset: 0 in C:\xampp\htdocs\Daxn\wp-includes\class-wp-query.php on line 3252
[09-Jan-2020 14:14:17 UTC] PHP Notice:  Undefined offset: 0 in C:\xampp\htdocs\Daxn\wp-includes\class-wp-query.php on line 3252
[09-Jan-2020 14:14:18 UTC] PHP Notice:  Undefined offset: 0 in C:\xampp\htdocs\Daxn\wp-includes\class-wp-query.php on line 3252
[09-Jan-2020 14:29:22 UTC] PHP Notice:  Undefined offset: 0 in C:\xampp\htdocs\Daxn\wp-includes\class-wp-query.php on line 3252
[09-Jan-2020 14:36:02 UTC] PHP Notice:  Undefined offset: 0 in C:\xampp\htdocs\Daxn\wp-includes\class-wp-query.php on line 3252
[09-Jan-2020 14:36:02 UTC] PHP Notice:  Undefined offset: 0 in C:\xampp\htdocs\Daxn\wp-includes\class-wp-query.php on line 3252
[09-Jan-2020 15:25:09 UTC] PHP Notice:  Undefined offset: 0 in C:\xampp\htdocs\Daxn\wp-includes\class-wp-query.php on line 3252
[09-Jan-2020 15:25:09 UTC] PHP Notice:  Undefined offset: 0 in C:\xampp\htdocs\Daxn\wp-includes\class-wp-query.php on line 3252
